2026-03-10T06:10:50.874532Z  INFO tailwindcss_oxide::scanner: Provided sources:
2026-03-10T06:10:50.875224Z  INFO tailwindcss_oxide::scanner: Source: PublicSourceEntry { base: "D:\\botcode\\youdoma", pattern: "**/*", negated: false }
2026-03-10T06:10:50.876336Z  INFO tailwindcss_oxide::scanner: Optimized sources:
2026-03-10T06:10:50.876361Z  INFO tailwindcss_oxide::scanner: Source: Auto { base: "D:\\botcode\\youdoma" }
2026-03-10T06:10:50.878020Z  INFO discover_sources: tailwindcss_oxide::scanner: enter
2026-03-10T06:10:50.878063Z  INFO discover_sources:walk_synchronous: tailwindcss_oxide::scanner: enter
2026-03-10T06:10:50.885892Z  INFO discover_sources:walk_synchronous: tailwindcss_oxide::scanner: exit
2026-03-10T06:10:50.915868Z  INFO tailwindcss_oxide::scanner: Reading "D:\\botcode\\youdoma\\src\\app\\api\\domains\\route.ts"
2026-03-10T06:10:50.915860Z  INFO tailwindcss_oxide::scanner: Reading "D:\\botcode\\youdoma\\public\\globe.svg"
2026-03-10T06:10:50.915880Z  INFO tailwindcss_oxide::scanner: Reading "D:\\botcode\\youdoma\\public\\window.svg"
2026-03-10T06:10:50.916077Z  INFO tailwindcss_oxide::scanner: Reading "D:\\botcode\\youdoma\\src\\app\\api\\auth\\[...nextauth]\\route.ts"
2026-03-10T06:10:50.916168Z  INFO tailwindcss_oxide::scanner: Reading "D:\\botcode\\youdoma\\public\\vercel.svg"
2026-03-10T06:10:50.916197Z  INFO tailwindcss_oxide::scanner: Reading "D:\\botcode\\youdoma\\src\\app\\dashboard\\page.tsx"
2026-03-10T06:10:50.916262Z  INFO tailwindcss_oxide::scanner: Reading "D:\\botcode\\youdoma\\public\\file.svg"
2026-03-10T06:10:50.916201Z  INFO tailwindcss_oxide::scanner: Reading "D:\\botcode\\youdoma\\src\\app\\layout.tsx"
2026-03-10T06:10:50.916297Z  INFO tailwindcss_oxide::scanner: Reading "D:\\botcode\\youdoma\\src\\app\\api\\register\\route.ts"
2026-03-10T06:10:50.916449Z  INFO tailwindcss_oxide::scanner: Reading "D:\\botcode\\youdoma\\src\\app\\register\\page.tsx"
2026-03-10T06:10:50.916307Z  INFO tailwindcss_oxide::scanner: Reading "D:\\botcode\\youdoma\\src\\components\\DomainList.tsx"
2026-03-10T06:10:50.916450Z  INFO tailwindcss_oxide::scanner: Reading "D:\\botcode\\youdoma\\src\\app\\page.tsx"
2026-03-10T06:10:50.916509Z  INFO tailwindcss_oxide::scanner: Reading "D:\\botcode\\youdoma\\src\\components\\Providers.tsx"
2026-03-10T06:10:50.916311Z  INFO tailwindcss_oxide::scanner: Reading "D:\\botcode\\youdoma\\src\\app\\login\\page.tsx"
2026-03-10T06:10:50.916552Z  INFO tailwindcss_oxide::scanner: Reading "D:\\botcode\\youdoma\\eslint.config.mjs"
2026-03-10T06:10:50.916463Z  INFO tailwindcss_oxide::scanner: Reading "D:\\botcode\\youdoma\\prisma\\schema.prisma"
2026-03-10T06:10:50.916588Z  INFO tailwindcss_oxide::scanner: Reading "D:\\botcode\\youdoma\\src\\lib\\whois.ts"
2026-03-10T06:10:50.916302Z  INFO tailwindcss_oxide::scanner: Reading "D:\\botcode\\youdoma\\src\\components\\Navbar.tsx"
2026-03-10T06:10:50.916648Z  INFO tailwindcss_oxide::scanner: Reading "D:\\botcode\\youdoma\\postcss.config.mjs"
2026-03-10T06:10:50.916658Z  INFO tailwindcss_oxide::scanner: Reading "D:\\botcode\\youdoma\\public\\next.svg"
2026-03-10T06:10:50.916696Z  INFO tailwindcss_oxide::scanner: Reading "D:\\botcode\\youdoma\\src\\lib\\db.ts"
2026-03-10T06:10:50.916263Z  INFO tailwindcss_oxide::scanner: Reading "D:\\botcode\\youdoma\\src\\lib\\auth.ts"
2026-03-10T06:10:50.916725Z  INFO tailwindcss_oxide::scanner: Reading "D:\\botcode\\youdoma\\src\\components\\AddDomainModal.tsx"
2026-03-10T06:10:50.916918Z  INFO tailwindcss_oxide::scanner: Reading "D:\\botcode\\youdoma\\next.config.ts"
2026-03-10T06:10:50.916937Z  INFO tailwindcss_oxide::scanner: Reading "D:\\botcode\\youdoma\\package.json"
2026-03-10T06:10:50.916957Z  INFO tailwindcss_oxide::scanner: Reading "D:\\botcode\\youdoma\\tsconfig.json"
2026-03-10T06:10:50.916975Z  INFO tailwindcss_oxide::scanner: Reading "D:\\botcode\\youdoma\\prisma.config.ts"
2026-03-10T06:10:50.917068Z  INFO tailwindcss_oxide::scanner: Reading "D:\\botcode\\youdoma\\README.md"
2026-03-10T06:10:50.917504Z  INFO discover_sources: tailwindcss_oxide::scanner: exit
2026-03-10T06:10:50.917557Z  INFO extract_candidates: tailwindcss_oxide::scanner: enter
2026-03-10T06:10:50.917657Z  INFO extract_candidates:parse_all_blobs: tailwindcss_oxide::scanner: enter
2026-03-10T06:10:50.917687Z  INFO extract_candidates:parse_all_blobs:extract: tailwindcss_oxide::scanner: enter
2026-03-10T06:10:50.918816Z  INFO extract_candidates:parse_all_blobs:extract: tailwindcss_oxide::scanner: exit
2026-03-10T06:10:50.918876Z  INFO extract_candidates:parse_all_blobs: tailwindcss_oxide::scanner: exit
2026-03-10T06:10:50.918895Z  INFO extract_candidates:read_all_files: tailwindcss_oxide::scanner: enter
2026-03-10T06:10:50.918909Z  INFO extract_candidates:read_all_files: tailwindcss_oxide::scanner: Reading 1 file(s)
2026-03-10T06:10:50.919405Z  INFO extract_candidates:read_all_files: tailwindcss_oxide::scanner: Reading "D:\\botcode\\youdoma\\src\\app\\globals.css"
2026-03-10T06:10:50.919432Z  INFO extract_candidates:read_all_files: tailwindcss_oxide::scanner: exit
2026-03-10T06:10:50.919451Z  INFO extract_candidates:extract_css_variables: tailwindcss_oxide::scanner: enter
2026-03-10T06:10:50.919463Z  INFO extract_candidates:extract_css_variables:extract: tailwindcss_oxide::scanner: enter
2026-03-10T06:10:50.920660Z  INFO extract_candidates:extract_css_variables:extract: tailwindcss_oxide::scanner: exit
2026-03-10T06:10:50.920752Z  INFO extract_candidates:extract_css_variables: tailwindcss_oxide::scanner: exit
2026-03-10T06:10:50.920954Z  INFO extract_candidates: tailwindcss_oxide::scanner: exit
2026-03-10T06:10:50.921700Z  INFO get_files: tailwindcss_oxide::scanner: enter
2026-03-10T06:10:50.921735Z  INFO get_files:discover_sources: tailwindcss_oxide::scanner: enter
2026-03-10T06:10:50.921749Z  INFO get_files:discover_sources: tailwindcss_oxide::scanner: exit
2026-03-10T06:10:50.922260Z  INFO get_files: tailwindcss_oxide::scanner: exit
2026-03-10T06:10:50.922533Z  INFO get_globs: tailwindcss_oxide::scanner: enter
2026-03-10T06:10:50.922554Z  INFO get_globs:discover_sources: tailwindcss_oxide::scanner: enter
2026-03-10T06:10:50.922568Z  INFO get_globs:discover_sources: tailwindcss_oxide::scanner: exit
2026-03-10T06:10:50.928244Z  INFO get_globs: tailwindcss_oxide::scanner: exit
